2026-02-20 00:51:31,106 [INFO] 結果データ保存完了: results_20260131.json | context={"count": 36}
2026-02-20 00:52:55,735 [INFO] 結果データ保存完了: results_20260202.json | context={"count": 31}
2026-02-20 00:54:02,742 [WARNING] 1/31 東京競馬の開催中止を記録 | context={"reason": "SNOW"}
2026-02-20 00:54:02,778 [INFO] 代替開催または平日開催を検知: 2026-02-02 | context={"race_id": "202605010101"}
2026-02-20 00:54:02,779 [INFO] 代替開催または平日開催を検知: 2026-02-02 | context={"race_id": "202605010102"}
2026-02-20 00:54:02,779 [INFO] 代替開催または平日開催を検知: 2026-02-02 | context={"race_id": "202605010103"}
2026-02-20 00:54:02,779 [INFO] 代替開催または平日開催を検知: 2026-02-02 | context={"race_id": "202605010104"}
2026-02-20 00:54:02,779 [INFO] 代替開催または平日開催を検知: 2026-02-02 | context={"race_id": "202605010105"}
2026-02-20 00:54:02,779 [INFO] 代替開催または平日開催を検知: 2026-02-02 | context={"race_id": "202605010106"}
2026-02-20 00:54:02,779 [INFO] 代替開催または平日開催を検知: 2026-02-02 | context={"race_id": "202605010107"}
2026-02-20 00:54:02,779 [INFO] 代替開催または平日開催を検知: 2026-02-02 | context={"race_id": "202605010108"}
2026-02-20 00:54:02,780 [INFO] 代替開催または平日開催を検知: 2026-02-02 | context={"race_id": "202605010109"}
2026-02-20 00:54:02,780 [INFO] 代替開催または平日開催を検知: 2026-02-02 | context={"race_id": "202605010110"}
2026-02-20 00:54:02,780 [INFO] 代替開催または平日開催を検知: 2026-02-02 | context={"race_id": "202605010111"}
2026-02-20 00:54:02,780 [INFO] 代替開催または平日開催を検知: 2026-02-02 | context={"race_id": "202605010112"}
2026-02-20 00:54:02,782 [INFO] 2/2 代替開催データを生成保存 | context={"original_date": "2026-01-31"}
2026-02-20 00:54:30,721 [INFO] 結果データ保存完了: results_20260201.json | context={"count": 36}
2026-02-20 00:56:18,286 [INFO] 結果データ保存完了: results_20260203.json | context={"count": 33}
2026-02-20 02:05:04,299 [INFO] 異常データ削除: results_20260131.json
2026-02-20 02:05:04,308 [INFO] 異常データ削除: results_20260201.json
2026-02-20 02:05:04,321 [INFO] 異常データ削除: results_20260202.json
2026-02-20 02:05:04,327 [INFO] 異常データ削除: results_20260207.json
2026-02-20 02:05:04,332 [INFO] 異常データ削除: results_20260208.json
2026-02-20 02:06:35,880 [INFO] データ保存完了: 20260131 | context={"count": 36}
2026-02-20 02:07:57,290 [INFO] データ保存完了: 20260201 | context={"count": 36}
2026-02-20 02:09:07,222 [INFO] データ保存完了: 20260207 | context={"count": 31}
2026-02-20 02:10:23,023 [INFO] データ保存完了: 20260208 | context={"count": 33}
2026-02-20 02:11:38,860 [INFO] データ保存完了: 20260210 | context={"count": 36}
2026-02-20 02:12:58,049 [INFO] データ保存完了: 20260214 | context={"count": 36}
2026-02-20 02:14:19,128 [INFO] データ保存完了: 20260215 | context={"count": 36}
2026-02-21 06:30:22,876 [WARNING] レースIDなし: 20260221
2026-02-21 07:55:39,824 [WARNING] レースIDなし: 20260221
2026-02-21 08:00:19,185 [WARNING] レースIDなし: 20260221
2026-02-22 09:12:06,983 [INFO] データ保存: 20260215 | context={"count": 36}
2026-02-22 09:13:32,456 [INFO] データ保存: 20260216 | context={"count": 35}
2026-02-22 09:14:40,974 [INFO] データ保存: 20260217 | context={"count": 33}
2026-02-22 09:15:57,043 [INFO] データ保存: 20260218 | context={"count": 34}
2026-02-22 09:17:05,862 [INFO] データ保存: 20260219 | context={"count": 35}
2026-02-22 09:17:56,064 [INFO] データ保存: 20260220 | context={"count": 24}
2026-02-22 09:18:43,613 [INFO] データ保存: 20260221 | context={"count": 24}
2026-02-22 09:18:44,956 [WARNING] レースIDなし: 20260222
2026-02-22 10:17:39,552 [INFO] 異常データ削除: results_20260131.json
2026-02-22 10:17:39,892 [INFO] 異常データ削除: results_20260201.json
2026-02-22 10:17:40,434 [INFO] 異常データ削除: results_20260207.json
2026-02-22 10:17:40,596 [INFO] 異常データ削除: results_20260208.json
2026-02-22 10:19:09,887 [INFO] データ保存完了: 20260131 | context={"count": 36}
2026-02-22 10:19:26,402 [INFO] データ保存完了: 20260131 | context={"count": 36}
2026-02-22 10:20:28,470 [INFO] データ保存完了: 20260201 | context={"count": 36}
2026-02-22 10:20:40,542 [INFO] データ保存完了: 20260201 | context={"count": 36}
2026-02-22 10:21:33,595 [INFO] データ保存完了: 20260207 | context={"count": 31}
2026-02-22 10:21:44,192 [INFO] データ保存完了: 20260207 | context={"count": 31}
2026-02-22 10:22:50,394 [INFO] データ保存完了: 20260208 | context={"count": 33}
2026-02-22 10:22:51,172 [WARNING] レースIDなし: 20260222
2026-02-22 10:22:59,384 [INFO] データ保存完了: 20260208 | context={"count": 33}
2026-02-22 10:23:00,079 [WARNING] レースIDなし: 20260222
2026-02-22 11:32:21,753 [INFO] 異常データ削除: results_20260131.json
2026-02-22 11:32:22,027 [INFO] 異常データ削除: results_20260201.json
2026-02-22 11:32:22,238 [INFO] 異常データ削除: results_20260207.json
2026-02-22 11:32:22,557 [INFO] 異常データ削除: results_20260208.json
2026-02-22 11:33:40,356 [INFO] データ保存完了: 20260131 | context={"count": 36}
2026-02-22 11:34:54,323 [INFO] データ保存完了: 20260201 | context={"count": 36}
2026-02-22 11:35:58,388 [INFO] データ保存完了: 20260207 | context={"count": 31}
2026-02-22 11:37:13,159 [INFO] データ保存完了: 20260208 | context={"count": 33}
2026-02-22 11:37:14,855 [WARNING] レースIDなし: 20260222
2026-02-22 11:39:14,559 [INFO] 異常データ削除: results_20260131.json
2026-02-22 11:39:14,924 [INFO] 異常データ削除: results_20260201.json
2026-02-22 11:39:15,120 [INFO] 異常データ削除: results_20260207.json
2026-02-22 11:39:15,462 [INFO] 異常データ削除: results_20260208.json
2026-02-22 11:40:32,395 [INFO] データ保存完了: 20260131 | context={"count": 36}
2026-02-22 11:41:55,164 [INFO] データ保存完了: 20260201 | context={"count": 36}
2026-02-22 11:43:07,261 [INFO] データ保存完了: 20260207 | context={"count": 31}
2026-02-22 11:44:21,484 [INFO] データ保存完了: 20260208 | context={"count": 33}
2026-02-22 11:44:22,342 [WARNING] レースIDなし: 20260222
2026-02-23 09:24:26,688 [INFO] データ保存: 20260221 | context={"count": 24}
2026-02-23 09:24:26,927 [INFO] データ保存: 20260222 | context={"count": 33}
2026-02-23 09:24:26,978 [INFO] データ保存: 20260221 | context={"count": 24}
2026-02-23 09:24:27,809 [INFO] データ保存: 20260222 | context={"count": 33}
2026-02-23 09:24:28,410 [INFO] データ保存: 20260222 | context={"count": 33}
2026-02-23 09:25:09,889 [INFO] データ保存: 20260221 | context={"count": 24}
2026-02-23 09:25:32,601 [INFO] データ保存: 20260222 | context={"count": 33}
2026-02-23 09:25:33,760 [INFO] データ保存: 20260222 | context={"count": 33}
2026-02-23 09:26:45,481 [INFO] データ保存: 20260201 | context={"count": 36}
2026-02-23 09:26:47,578 [INFO] データ保存: 20260201 | context={"count": 36}
2026-02-23 09:27:46,040 [INFO] データ保存: 20260207 | context={"count": 31}
2026-02-23 09:27:48,476 [INFO] データ保存: 20260207 | context={"count": 31}
2026-02-23 09:28:51,920 [INFO] データ保存: 20260208 | context={"count": 33}
2026-02-23 09:28:52,380 [INFO] データ保存: 20260208 | context={"count": 33}
2026-02-23 09:30:03,764 [INFO] データ保存: 20260210 | context={"count": 36}
2026-02-23 09:30:05,172 [INFO] データ保存: 20260210 | context={"count": 36}
2026-02-23 09:31:14,429 [INFO] データ保存: 20260214 | context={"count": 36}
2026-02-23 09:31:14,838 [INFO] データ保存: 20260214 | context={"count": 36}
2026-02-23 09:32:25,291 [INFO] データ保存: 20260215 | context={"count": 36}
2026-02-23 09:32:25,564 [INFO] データ保存: 20260215 | context={"count": 36}
2026-02-23 09:33:13,935 [INFO] データ保存: 20260221 | context={"count": 24}
2026-02-23 09:33:14,744 [INFO] データ保存: 20260221 | context={"count": 24}
2026-02-23 09:34:18,268 [INFO] データ保存: 20260222 | context={"count": 33}
2026-02-23 09:34:18,760 [INFO] データ保存: 20260222 | context={"count": 33}
